#
# A fatal error has been detected by the Java Runtime Environment:
#
#  EXCEPTION_ACCESS_VIOLATION (0xc0000005) at pc=0x00007ffed32c7509, pid=15980, tid=10144
#
# JRE version: Java(TM) SE Runtime Environment (11.0.5+10) (build 11.0.5+10-LTS)
# Java VM: Java HotSpot(TM) 64-Bit Server VM (11.0.5+10-LTS, mixed mode, tiered, compressed oops, g1 gc, windows-amd64)
# Problematic frame:
# V  [jvm.dll+0x257509]
#
# No core dump will be written. Minidumps are not enabled by default on client versions of Windows
#
# If you would like to submit a bug report, please visit:
#   http://bugreport.java.com/bugreport/crash.jsp
#

---------------  S U M M A R Y ------------

Command Line: -agentlib:jdwp=transport=dt_socket,suspend=y,address=localhost:53464 -javaagent:C:\Users\Yito Wang\eclipse\java-2019-09\eclipse\configuration\org.eclipse.osgi\229\0\.cp\lib\javaagent-shaded.jar -Dfile.encoding=UTF-8 --module-path=C:\Users\Yito Wang\eclipse-workspace\Le_Compilateur\bin -Djdk.module.main=compiler compiler/scanning.Scanner

Host: Intel(R) Core(TM) i7-8750H CPU @ 2.20GHz, 12 cores, 23G,  Windows 10 , 64 bit Build 18362 (10.0.18362.1082)
Time: Tue Nov 17 11:31:13 2020 ?D1¨²¡À¨º¡Á?¨º¡À?? elapsed time: 104 seconds (0d 0h 1m 44s)

---------------  T H R E A D  ---------------

Current thread (0x0000023fef336000):  VMThread "VM Thread" [stack: 0x00000066efe00000,0x00000066eff00000] [id=10144]

Stack: [0x00000066efe00000,0x00000066eff00000],  sp=0x00000066efefe9e8,  free space=1018k
Native frames: (J=compiled Java code, j=interpreted, Vv=VM code, C=native code)
V  [jvm.dll+0x257509]


siginfo: EXCEPTION_ACCESS_VIOLATION (0xc0000005), reading address 0x0000023ff0382098


Register to memory mapping:

RIP=0x00007ffed32c7509 jvm.dll
RAX=0x00000000001943e0 is an unknown value
RBX=0x0000023ff01ed120 is pointing into metadata
RCX=0x0000023ff01edcb8 is pointing into metadata
RDX=0x000000000000ca1e is an unknown value
RSP=0x00000066efefe9e8 points into unknown readable memory: 8e 75 2c d3 fe 7f 00 00
RBP=0x00000066efefef60 points into unknown readable memory: 88 da 9e ee 3f 02 00 00
RSI=0x00000066efeff0d0 points into unknown readable memory: d8 2b 93 d3 fe 7f 00 00
RDI=0x00000066efeff0d0 points into unknown readable memory: d8 2b 93 d3 fe 7f 00 00
R8 =0x0 is NULL
R9 =0x0000023ff01ed120 is pointing into metadata
R10=0x00007ffed3070000 jvm.dll
R11=0x00000066efefeeb0 points into unknown readable memory: 30 ef ef ef 66 00 00 00
R12=0x0000023fef5b0cd0 points into unknown readable memory: 00 54 75 ef 44 03 00 00
R13=0x0000000000000af0 is an unknown value
R14=0x0000023ff01eca59 is pointing into metadata
R15=0x000000000000035c is an unknown value


Registers:
RAX=0x00000000001943e0, RBX=0x0000023ff01ed120, RCX=0x0000023ff01edcb8, RDX=0x000000000000ca1e
RSP=0x00000066efefe9e8, RBP=0x00000066efefef60, RSI=0x00000066efeff0d0, RDI=0x00000066efeff0d0
R8 =0x0000000000000000, R9 =0x0000023ff01ed120, R10=0x00007ffed3070000, R11=0x00000066efefeeb0
R12=0x0000023fef5b0cd0, R13=0x0000000000000af0, R14=0x0000023ff01eca59, R15=0x000000000000035c
RIP=0x00007ffed32c7509, EFLAGS=0x0000000000010202

Top of Stack: (sp=0x00000066efefe9e8)
0x00000066efefe9e8:   00007ffed32c758e 00000066efefea50
0x00000066efefe9f8:   00000066efefeb60 0000023fc6054e40
0x00000066efefea08:   0000000000000000 0000000000000000
0x00000066efefea18:   00007ffed33b2bd0 0000000000000000
0x00000066efefea28:   00000066efeff0d0 00007ffed3b00c70
0x00000066efefea38:   0000000000000000 0000000000000100
0x00000066efefea48:   0000023fc6054e40 00007ffed38f50a8
0x00000066efefea58:   0000023fef23ccb8 0000000000000002
0x00000066efefea68:   0000023f0000000c 00000066efefea90
0x00000066efefea78:   0000006600000001 0000000046000356
0x00000066efefea88:   0000000000000100 2fffffff4fffffff
0x00000066efefea98:   000000004fffffff 0000000000000005
0x00000066efefeaa8:   00007fff7e14a0b0 0000023fc3ed5410
0x00000066efefeab8:   00007fff7e14a000 0000000000000006
0x00000066efefeac8:   00000066efefeaa8 0000000000000000
0x00000066efefead8:   00007ffed38ae94b 00000066efeff088 

Instructions: (pc=0x00007ffed32c7509)
0x00007ffed32c74e9:   c2 48 ff c0 48 c1 e0 05 48 8b 04 08 0f b7 c8 41
0x00007ffed32c74f9:   0f b7 44 c9 42 c3 48 63 c2 48 ff c0 48 c1 e0 05
0x00007ffed32c7509:   48 8b 04 08 0f b7 d0 48 63 c2 41 0f b7 44 c1 42
0x00007ffed32c7519:   c3 49 8b 41 08 48 63 ca 0f b6 44 01 04 3c 12 74 


Stack slot to memory mapping:
stack at sp + 0 slots: 0x00007ffed32c758e jvm.dll
stack at sp + 1 slots: 0x00000066efefea50 points into unknown readable memory: a8 50 8f d3 fe 7f 00 00
stack at sp + 2 slots: 0x00000066efefeb60 points into unknown readable memory: 58 65 05 c6 3f 02 00 00
stack at sp + 3 slots: 0x0000023fc6054e40 points into unknown readable memory: 45 78 65 63 75 74 69 6e
stack at sp + 4 slots: 0x0 is NULL
stack at sp + 5 slots: 0x0 is NULL
stack at sp + 6 slots: 0x00007ffed33b2bd0 jvm.dll
stack at sp + 7 slots: 0x0 is NULL

VM_Operation (0x00000066f07ff100): GetOrSetLocal, mode: safepoint, requested by thread 0x0000023fef6bc800


---------------  P R O C E S S  ---------------

Threads class SMR info:
_java_thread_list=0x0000023fef6b8c20, length=13, elements={
0x0000023fc605c000, 0x0000023fef359800, 0x0000023fef365000, 0x0000023fef3cb000,
0x0000023fef3cd000, 0x0000023fef3ce800, 0x0000023fef3dd800, 0x0000023fef3e2000,
0x0000023fef560000, 0x0000023fef6bc800, 0x0000023fef6c2000, 0x0000023fef6c3000,
0x0000023fef6cb000
}

Java Threads: ( => current thread )
  0x0000023fc605c000 JavaThread "main" [_thread_blocked, id=12260, stack(0x00000066ef800000,0x00000066ef900000)]
  0x0000023fef359800 JavaThread "Reference Handler" daemon [_thread_blocked, id=3032, stack(0x00000066eff00000,0x00000066f0000000)]
  0x0000023fef365000 JavaThread "Finalizer" daemon [_thread_blocked, id=11012, stack(0x00000066f0000000,0x00000066f0100000)]
  0x0000023fef3cb000 JavaThread "Signal Dispatcher" daemon [_thread_blocked, id=2772, stack(0x00000066f0100000,0x00000066f0200000)]
  0x0000023fef3cd000 JavaThread "Attach Listener" daemon [_thread_blocked, id=7720, stack(0x00000066f0200000,0x00000066f0300000)]
  0x0000023fef3ce800 JavaThread "C2 CompilerThread0" daemon [_thread_blocked, id=8324, stack(0x00000066f0300000,0x00000066f0400000)]
  0x0000023fef3dd800 JavaThread "C1 CompilerThread0" daemon [_thread_blocked, id=2552, stack(0x00000066f0400000,0x00000066f0500000)]
  0x0000023fef3e2000 JavaThread "Sweeper thread" daemon [_thread_blocked, id=8732, stack(0x00000066f0500000,0x00000066f0600000)]
  0x0000023fef560000 JavaThread "Common-Cleaner" daemon [_thread_blocked, id=10988, stack(0x00000066f0600000,0x00000066f0700000)]
  0x0000023fef6bc800 JavaThread "JDWP Transport Listener: dt_socket" daemon [_thread_blocked, id=10948, stack(0x00000066f0700000,0x00000066f0800000)] _threads_hazard_ptr=0x0000023fef6b8c20
  0x0000023fef6c2000 JavaThread "JDWP Event Helper Thread" daemon [_thread_blocked, id=12808, stack(0x00000066f0800000,0x00000066f0900000)]
  0x0000023fef6c3000 JavaThread "JDWP Command Reader" daemon [_thread_in_native, id=11416, stack(0x00000066f0900000,0x00000066f0a00000)]
  0x0000023fef6cb000 JavaThread "Service Thread" daemon [_thread_blocked, id=10844, stack(0x00000066f0a00000,0x00000066f0b00000)]

Other Threads:
=>0x0000023fef336000 VMThread "VM Thread" [stack: 0x00000066efe00000,0x00000066eff00000] [id=10144]
  0x0000023fef7f3800 WatcherThread [stack: 0x00000066f0b00000,0x00000066f0c00000] [id=1244]
  0x0000023fc6071800 GCTaskThread "GC Thread#0" [stack: 0x00000066ef900000,0x00000066efa00000] [id=9772]
  0x0000023fc60f7800 ConcurrentGCThread "G1 Main Marker" [stack: 0x00000066efa00000,0x00000066efb00000] [id=9704]
  0x0000023fc60f9000 ConcurrentGCThread "G1 Conc#0" [stack: 0x00000066efb00000,0x00000066efc00000] [id=2144]
  0x0000023fee998000 ConcurrentGCThread "G1 Refine#0" [stack: 0x00000066efc00000,0x00000066efd00000] [id=1524]
  0x0000023fee999800 ConcurrentGCThread "G1 Young RemSet Sampling" [stack: 0x00000066efd00000,0x00000066efe00000] [id=1472]

Threads with active compile tasks:

VM state:at safepoint (normal execution)

VM Mutex/Monitor currently owned by a thread:  ([mutex/lock_event])
[0x0000023fc6057ba0] Threads_lock - owner thread: 0x0000023fef336000

Heap address: 0x0000000682200000, size: 6110 MB, Compressed Oops mode: Zero based, Oop shift amount: 3
Narrow klass base: 0x0000000800000000, Narrow klass shift: 0
Compressed class space size: 1073741824 Address: 0x0000000800000000

Heap:
 garbage-first heap   total 391168K, used 4096K [0x0000000682200000, 0x0000000800000000)
  region size 1024K, 6 young (6144K), 0 survivors (0K)
 Metaspace       used 9616K, capacity 9702K, committed 9984K, reserved 1058816K
  class space    used 870K, capacity 911K, committed 1024K, reserved 1048576K
Heap Regions: E=young(eden), S=young(survivor), O=old, HS=humongous(starts), HC=humongous(continues), CS=collection set, F=free, A=archive, TAMS=top-at-mark-start (previous, next)
|   0|0x0000000682200000, 0x0000000682200000, 0x0000000682300000|  0%| F|  |TAMS 0x0000000682200000, 0x0000000682200000| Untracked 
|   1|0x0000000682300000, 0x0000000682300000, 0x0000000682400000|  0%| F|  |TAMS 0x0000000682300000, 0x0000000682300000| Untracked 
|   2|0x0000000682400000, 0x0000000682400000, 0x0000000682500000|  0%| F|  |TAMS 0x0000000682400000, 0x0000000682400000| Untracked 
|   3|0x0000000682500000, 0x0000000682500000, 0x0000000682600000|  0%| F|  |TAMS 0x0000000682500000, 0x0000000682500000| Untracked 
|   4|0x0000000682600000, 0x0000000682600000, 0x0000000682700000|  0%| F|  |TAMS 0x0000000682600000, 0x0000000682600000| Untracked 
|   5|0x0000000682700000, 0x0000000682700000, 0x0000000682800000|  0%| F|  |TAMS 0x0000000682700000, 0x0000000682700000| Untracked 
|   6|0x0000000682800000, 0x0000000682800000, 0x0000000682900000|  0%| F|  |TAMS 0x0000000682800000, 0x0000000682800000| Untracked 
|   7|0x0000000682900000, 0x0000000682900000, 0x0000000682a00000|  0%| F|  |TAMS 0x0000000682900000, 0x0000000682900000| Untracked 
|   8|0x0000000682a00000, 0x0000000682a00000, 0x0000000682b00000|  0%| F|  |TAMS 0x0000000682a00000, 0x0000000682a00000| Untracked 
|   9|0x0000000682b00000, 0x0000000682b00000, 0x0000000682c00000|  0%| F|  |TAMS 0x0000000682b00000, 0x0000000682b00000| Untracked 
|  10|0x0000000682c00000, 0x0000000682c00000, 0x0000000682d00000|  0%| F|  |TAMS 0x0000000682c00000, 0x0000000682c00000| Untracked 
|  11|0x0000000682d00000, 0x0000000682d00000, 0x0000000682e00000|  0%| F|  |TAMS 0x0000000682d00000, 0x0000000682d00000| Untracked 
|  12|0x0000000682e00000, 0x0000000682e00000, 0x0000000682f00000|  0%| F|  |TAMS 0x0000000682e00000, 0x0000000682e00000| Untracked 
|  13|0x0000000682f00000, 0x0000000682f00000, 0x0000000683000000|  0%| F|  |TAMS 0x0000000682f00000, 0x0000000682f00000| Untracked 
|  14|0x0000000683000000, 0x0000000683000000, 0x0000000683100000|  0%| F|  |TAMS 0x0000000683000000, 0x0000000683000000| Untracked 
|  15|0x0000000683100000, 0x0000000683100000, 0x0000000683200000|  0%| F|  |TAMS 0x0000000683100000, 0x0000000683100000| Untracked 
|  16|0x0000000683200000, 0x0000000683200000, 0x0000000683300000|  0%| F|  |TAMS 0x0000000683200000, 0x0000000683200000| Untracked 
|  17|0x0000000683300000, 0x0000000683300000, 0x0000000683400000|  0%| F|  |TAMS 0x0000000683300000, 0x0000000683300000| Untracked 
|  18|0x0000000683400000, 0x0000000683400000, 0x0000000683500000|  0%| F|  |TAMS 0x0000000683400000, 0x0000000683400000| Untracked 
|  19|0x0000000683500000, 0x0000000683500000, 0x0000000683600000|  0%| F|  |TAMS 0x0000000683500000, 0x0000000683500000| Untracked 
|  20|0x0000000683600000, 0x0000000683600000, 0x0000000683700000|  0%| F|  |TAMS 0x0000000683600000, 0x0000000683600000| Untracked 
|  21|0x0000000683700000, 0x0000000683700000, 0x0000000683800000|  0%| F|  |TAMS 0x0000000683700000, 0x0000000683700000| Untracked 
|  22|0x0000000683800000, 0x0000000683800000, 0x0000000683900000|  0%| F|  |TAMS 0x0000000683800000, 0x0000000683800000| Untracked 
|  23|0x0000000683900000, 0x0000000683900000, 0x0000000683a00000|  0%| F|  |TAMS 0x0000000683900000, 0x0000000683900000| Untracked 
|  24|0x0000000683a00000, 0x0000000683a00000, 0x0000000683b00000|  0%| F|  |TAMS 0x0000000683a00000, 0x0000000683a00000| Untracked 
|  25|0x0000000683b00000, 0x0000000683b00000, 0x0000000683c00000|  0%| F|  |TAMS 0x0000000683b00000, 0x0000000683b00000| Untracked 
|  26|0x0000000683c00000, 0x0000000683c00000, 0x0000000683d00000|  0%| F|  |TAMS 0x0000000683c00000, 0x0000000683c00000| Untracked 
|  27|0x0000000683d00000, 0x0000000683d00000, 0x0000000683e00000|  0%| F|  |TAMS 0x0000000683d00000, 0x0000000683d00000| Untracked 
|  28|0x0000000683e00000, 0x0000000683e00000, 0x0000000683f00000|  0%| F|  |TAMS 0x0000000683e00000, 0x0000000683e00000| Untracked 
|  29|0x0000000683f00000, 0x0000000683f00000, 0x0000000684000000|  0%| F|  |TAMS 0x0000000683f00000, 0x0000000683f00000| Untracked 
|  30|0x0000000684000000, 0x0000000684000000, 0x0000000684100000|  0%| F|  |TAMS 0x0000000684000000, 0x0000000684000000| Untracked 
|  31|0x0000000684100000, 0x0000000684100000, 0x0000000684200000|  0%| F|  |TAMS 0x0000000684100000, 0x0000000684100000| Untracked 
|  32|0x0000000684200000, 0x0000000684200000, 0x0000000684300000|  0%| F|  |TAMS 0x0000000684200000, 0x0000000684200000| Untracked 
|  33|0x0000000684300000, 0x0000000684300000, 0x0000000684400000|  0%| F|  |TAMS 0x0000000684300000, 0x0000000684300000| Untracked 
|  34|0x0000000684400000, 0x0000000684400000, 0x0000000684500000|  0%| F|  |TAMS 0x0000000684400000, 0x0000000684400000| Untracked 
|  35|0x0000000684500000, 0x0000000684500000, 0x0000000684600000|  0%| F|  |TAMS 0x0000000684500000, 0x0000000684500000| Untracked 
|  36|0x0000000684600000, 0x0000000684600000, 0x0000000684700000|  0%| F|  |TAMS 0x0000000684600000, 0x0000000684600000| Untracked 
|  37|0x0000000684700000, 0x0000000684700000, 0x0000000684800000|  0%| F|  |TAMS 0x0000000684700000, 0x0000000684700000| Untracked 
|  38|0x0000000684800000, 0x0000000684800000, 0x0000000684900000|  0%| F|  |TAMS 0x0000000684800000, 0x0000000684800000| Untracked 
|  39|0x0000000684900000, 0x0000000684900000, 0x0000000684a00000|  0%| F|  |TAMS 0x0000000684900000, 0x0000000684900000| Untracked 
|  40|0x0000000684a00000, 0x0000000684a00000, 0x0000000684b00000|  0%| F|  |TAMS 0x0000000684a00000, 0x0000000684a00000| Untracked 
|  41|0x0000000684b00000, 0x0000000684b00000, 0x0000000684c00000|  0%| F|  |TAMS 0x0000000684b00000, 0x0000000684b00000| Untracked 
|  42|0x0000000684c00000, 0x0000000684c00000, 0x0000000684d00000|  0%| F|  |TAMS 0x0000000684c00000, 0x0000000684c00000| Untracked 
|  43|0x0000000684d00000, 0x0000000684d00000, 0x0000000684e00000|  0%| F|  |TAMS 0x0000000684d00000, 0x0000000684d00000| Untracked 
|  44|0x0000000684e00000, 0x0000000684e00000, 0x0000000684f00000|  0%| F|  |TAMS 0x0000000684e00000, 0x0000000684e00000| Untracked 
|  45|0x0000000684f00000, 0x0000000684f00000, 0x0000000685000000|  0%| F|  |TAMS 0x0000000684f00000, 0x0000000684f00000| Untracked 
|  46|0x0000000685000000, 0x0000000685000000, 0x0000000685100000|  0%| F|  |TAMS 0x0000000685000000, 0x0000000685000000| Untracked 
|  47|0x0000000685100000, 0x0000000685100000, 0x0000000685200000|  0%| F|  |TAMS 0x0000000685100000, 0x0000000685100000| Untracked 
|  48|0x0000000685200000, 0x0000000685200000, 0x0000000685300000|  0%| F|  |TAMS 0x0000000685200000, 0x0000000685200000| Untracked 
|  49|0x0000000685300000, 0x0000000685300000, 0x0000000685400000|  0%| F|  |TAMS 0x0000000685300000, 0x0000000685300000| Untracked 
|  50|0x0000000685400000, 0x0000000685400000, 0x0000000685500000|  0%| F|  |TAMS 0x0000000685400000, 0x0000000685400000| Untracked 
|  51|0x0000000685500000, 0x0000000685500000, 0x0000000685600000|  0%| F|  |TAMS 0x0000000685500000, 0x0000000685500000| Untracked 
|  52|0x0000000685600000, 0x0000000685600000, 0x0000000685700000|  0%| F|  |TAMS 0x0000000685600000, 0x0000000685600000| Untracked 
|  53|0x0000000685700000, 0x0000000685700000, 0x0000000685800000|  0%| F|  |TAMS 0x0000000685700000, 0x0000000685700000| Untracked 
|  54|0x0000000685800000, 0x0000000685800000, 0x0000000685900000|  0%| F|  |TAMS 0x0000000685800000, 0x0000000685800000| Untracked 
|  55|0x0000000685900000, 0x0000000685900000, 0x0000000685a00000|  0%| F|  |TAMS 0x0000000685900000, 0x0000000685900000| Untracked 
|  56|0x0000000685a00000, 0x0000000685a00000, 0x0000000685b00000|  0%| F|  |TAMS 0x0000000685a00000, 0x0000000685a00000| Untracked 
|  57|0x0000000685b00000, 0x0000000685b00000, 0x0000000685c00000|  0%| F|  |TAMS 0x0000000685b00000, 0x0000000685b00000| Untracked 
|  58|0x0000000685c00000, 0x0000000685c00000, 0x0000000685d00000|  0%| F|  |TAMS 0x0000000685c00000, 0x0000000685c00000| Untracked 
|  59|0x0000000685d00000, 0x0000000685d00000, 0x0000000685e00000|  0%| F|  |TAMS 0x0000000685d00000, 0x0000000685d00000| Untracked 
|  60|0x0000000685e00000, 0x0000000685e00000, 0x0000000685f00000|  0%| F|  |TAMS 0x0000000685e00000, 0x0000000685e00000| Untracked 
|  61|0x0000000685f00000, 0x0000000685f00000, 0x0000000686000000|  0%| F|  |TAMS 0x0000000685f00000, 0x0000000685f00000| Untracked 
|  62|0x0000000686000000, 0x0000000686000000, 0x0000000686100000|  0%| F|  |TAMS 0x0000000686000000, 0x0000000686000000| Untracked 
|  63|0x0000000686100000, 0x0000000686100000, 0x0000000686200000|  0%| F|  |TAMS 0x0000000686100000, 0x0000000686100000| Untracked 
|  64|0x0000000686200000, 0x0000000686200000, 0x0000000686300000|  0%| F|  |TAMS 0x0000000686200000, 0x0000000686200000| Untracked 
|  65|0x0000000686300000, 0x0000000686300000, 0x0000000686400000|  0%| F|  |TAMS 0x0000000686300000, 0x0000000686300000| Untracked 
|  66|0x0000000686400000, 0x0000000686400000, 0x0000000686500000|  0%| F|  |TAMS 0x0000000686400000, 0x0000000686400000| Untracked 
|  67|0x0000000686500000, 0x0000000686500000, 0x0000000686600000|  0%| F|  |TAMS 0x0000000686500000, 0x0000000686500000| Untracked 
|  68|0x0000000686600000, 0x0000000686600000, 0x0000000686700000|  0%| F|  |TAMS 0x0000000686600000, 0x0000000686600000| Untracked 
|  69|0x0000000686700000, 0x0000000686700000, 0x0000000686800000|  0%| F|  |TAMS 0x0000000686700000, 0x0000000686700000| Untracked 
|  70|0x0000000686800000, 0x0000000686800000, 0x0000000686900000|  0%| F|  |TAMS 0x0000000686800000, 0x0000000686800000| Untracked 
|  71|0x0000000686900000, 0x0000000686900000, 0x0000000686a00000|  0%| F|  |TAMS 0x0000000686900000, 0x0000000686900000| Untracked 
|  72|0x0000000686a00000, 0x0000000686a00000, 0x0000000686b00000|  0%| F|  |TAMS 0x0000000686a00000, 0x0000000686a00000| Untracked 
|  73|0x0000000686b00000, 0x0000000686b00000, 0x0000000686c00000|  0%| F|  |TAMS 0x0000000686b00000, 0x0000000686b00000| Untracked 
|  74|0x0000000686c00000, 0x0000000686c00000, 0x0000000686d00000|  0%| F|  |TAMS 0x0000000686c00000, 0x0000000686c00000| Untracked 
|  75|0x0000000686d00000, 0x0000000686d00000, 0x0000000686e00000|  0%| F|  |TAMS 0x0000000686d00000, 0x0000000686d00000| Untracked 
|  76|0x0000000686e00000, 0x0000000686e00000, 0x0000000686f00000|  0%| F|  |TAMS 0x0000000686e00000, 0x0000000686e00000| Untracked 
|  77|0x0000000686f00000, 0x0000000686f00000, 0x0000000687000000|  0%| F|  |TAMS 0x0000000686f00000, 0x0000000686f00000| Untracked 
|  78|0x0000000687000000, 0x0000000687000000, 0x0000000687100000|  0%| F|  |TAMS 0x0000000687000000, 0x0000000687000000| Untracked 
|  79|0x0000000687100000, 0x0000000687100000, 0x0000000687200000|  0%| F|  |TAMS 0x0000000687100000, 0x0000000687100000| Untracked 
|  80|0x0000000687200000, 0x0000000687200000, 0x0000000687300000|  0%| F|  |TAMS 0x0000000687200000, 0x0000000687200000| Untracked 
|  81|0x0000000687300000, 0x0000000687300000, 0x0000000687400000|  0%| F|  |TAMS 0x0000000687300000, 0x0000000687300000| Untracked 
|  82|0x0000000687400000, 0x0000000687400000, 0x0000000687500000|  0%| F|  |TAMS 0x0000000687400000, 0x0000000687400000| Untracked 
|  83|0x0000000687500000, 0x0000000687500000, 0x0000000687600000|  0%| F|  |TAMS 0x0000000687500000, 0x0000000687500000| Untracked 
|  84|0x0000000687600000, 0x0000000687600000, 0x0000000687700000|  0%| F|  |TAMS 0x0000000687600000, 0x0000000687600000| Untracked 
|  85|0x0000000687700000, 0x0000000687700000, 0x0000000687800000|  0%| F|  |TAMS 0x0000000687700000, 0x0000000687700000| Untracked 
|  86|0x0000000687800000, 0x0000000687800000, 0x0000000687900000|  0%| F|  |TAMS 0x0000000687800000, 0x0000000687800000| Untracked 
|  87|0x0000000687900000, 0x0000000687900000, 0x0000000687a00000|  0%| F|  |TAMS 0x0000000687900000, 0x0000000687900000| Untracked 
|  88|0x0000000687a00000, 0x0000000687a00000, 0x0000000687b00000|  0%| F|  |TAMS 0x0000000687a00000, 0x0000000687a00000| Untracked 
|  89|0x0000000687b00000, 0x0000000687b00000, 0x0000000687c00000|  0%| F|  |TAMS 0x0000000687b00000, 0x0000000687b00000| Untracked 
|  90|0x0000000687c00000, 0x0000000687c00000, 0x0000000687d00000|  0%| F|  |TAMS 0x0000000687c00000, 0x0000000687c00000| Untracked 
|  91|0x0000000687d00000, 0x0000000687d00000, 0x0000000687e00000|  0%| F|  |TAMS 0x0000000687d00000, 0x0000000687d00000| Untracked 
|  92|0x0000000687e00000, 0x0000000687e00000, 0x0000000687f00000|  0%| F|  |TAMS 0x0000000687e00000, 0x0000000687e00000| Untracked 
|  93|0x0000000687f00000, 0x0000000687f00000, 0x0000000688000000|  0%| F|  |TAMS 0x0000000687f00000, 0x0000000687f00000| Untracked 
|  94|0x0000000688000000, 0x0000000688000000, 0x0000000688100000|  0%| F|  |TAMS 0x0000000688000000, 0x0000000688000000| Untracked 
|  95|0x0000000688100000, 0x0000000688100000, 0x0000000688200000|  0%| F|  |TAMS 0x0000000688100000, 0x0000000688100000| Untracked 
|  96|0x0000000688200000, 0x0000000688200000, 0x0000000688300000|  0%| F|  |TAMS 0x0000000688200000, 0x0000000688200000| Untracked 
|  97|0x0000000688300000, 0x0000000688300000, 0x0000000688400000|  0%| F|  |TAMS 0x0000000688300000, 0x0000000688300000| Untracked 
|  98|0x0000000688400000, 0x0000000688400000, 0x0000000688500000|  0%| F|  |TAMS 0x0000000688400000, 0x0000000688400000| Untracked 
|  99|0x0000000688500000, 0x0000000688500000, 0x0000000688600000|  0%| F|  |TAMS 0x0000000688500000, 0x0000000688500000| Untracked 
| 100|0x0000000688600000, 0x0000000688600000, 0x0000000688700000|  0%| F|  |TAMS 0x0000000688600000, 0x0000000688600000| Untracked 
| 101|0x0000000688700000, 0x0000000688700000, 0x0000000688800000|  0%| F|  |TAMS 0x0000000688700000, 0x0000000688700000| Untracked 
| 102|0x0000000688800000, 0x0000000688800000, 0x0000000688900000|  0%| F|  |TAMS 0x0000000688800000, 0x0000000688800000| Untracked 
| 103|0x0000000688900000, 0x0000000688900000, 0x0000000688a00000|  0%| F|  |TAMS 0x0000000688900000, 0x0000000688900000| Untracked 
| 104|0x0000000688a00000, 0x0000000688a00000, 0x0000000688b00000|  0%| F|  |TAMS 0x0000000688a00000, 0x0000000688a00000| Untracked 
| 105|0x0000000688b00000, 0x0000000688b00000, 0x0000000688c00000|  0%| F|  |TAMS 0x0000000688b00000, 0x0000000688b00000| Untracked 
| 106|0x0000000688c00000, 0x0000000688c00000, 0x0000000688d00000|  0%| F|  |TAMS 0x0000000688c00000, 0x0000000688c00000| Untracked 
| 107|0x0000000688d00000, 0x0000000688d00000, 0x0000000688e00000|  0%| F|  |TAMS 0x0000000688d00000, 0x0000000688d00000| Untracked 
| 108|0x0000000688e00000, 0x0000000688e00000, 0x0000000688f00000|  0%| F|  |TAMS 0x0000000688e00000, 0x0000000688e00000| Untracked 
| 109|0x0000000688f00000, 0x0000000688f00000, 0x0000000689000000|  0%| F|  |TAMS 0x0000000688f00000, 0x0000000688f00000| Untracked 
| 110|0x0000000689000000, 0x0000000689000000, 0x0000000689100000|  0%| F|  |TAMS 0x0000000689000000, 0x0000000689000000| Untracked 
| 111|0x0000000689100000, 0x0000000689100000, 0x0000000689200000|  0%| F|  |TAMS 0x0000000689100000, 0x0000000689100000| Untracked 
| 112|0x0000000689200000, 0x0000000689200000, 0x0000000689300000|  0%| F|  |TAMS 0x0000000689200000, 0x0000000689200000| Untracked 
| 113|0x0000000689300000, 0x0000000689300000, 0x0000000689400000|  0%| F|  |TAMS 0x0000000689300000, 0x0000000689300000| Untracked 
| 114|0x0000000689400000, 0x0000000689400000, 0x0000000689500000|  0%| F|  |TAMS 0x0000000689400000, 0x0000000689400000| Untracked 
| 115|0x0000000689500000, 0x0000000689500000, 0x0000000689600000|  0%| F|  |TAMS 0x0000000689500000, 0x0000000689500000| Untracked 
| 116|0x0000000689600000, 0x0000000689600000, 0x0000000689700000|  0%| F|  |TAMS 0x0000000689600000, 0x0000000689600000| Untracked 
| 117|0x0000000689700000, 0x0000000689700000, 0x0000000689800000|  0%| F|  |TAMS 0x0000000689700000, 0x0000000689700000| Untracked 
| 118|0x0000000689800000, 0x0000000689800000, 0x0000000689900000|  0%| F|  |TAMS 0x0000000689800000, 0x0000000689800000| Untracked 
| 119|0x0000000689900000, 0x0000000689900000, 0x0000000689a00000|  0%| F|  |TAMS 0x0000000689900000, 0x0000000689900000| Untracked 
| 120|0x0000000689a00000, 0x0000000689a00000, 0x0000000689b00000|  0%| F|  |TAMS 0x0000000689a00000, 0x0000000689a00000| Untracked 
| 121|0x0000000689b00000, 0x0000000689b00000, 0x0000000689c00000|  0%| F|  |TAMS 0x0000000689b00000, 0x0000000689b00000| Untracked 
| 122|0x0000000689c00000, 0x0000000689c00000, 0x0000000689d00000|  0%| F|  |TAMS 0x0000000689c00000, 0x0000000689c00000| Untracked 
| 123|0x0000000689d00000, 0x0000000689d00000, 0x0000000689e00000|  0%| F|  |TAMS 0x0000000689d00000, 0x0000000689d00000| Untracked 
| 124|0x0000000689e00000, 0x0000000689e00000, 0x0000000689f00000|  0%| F|  |TAMS 0x0000000689e00000, 0x0000000689e00000| Untracked 
| 125|0x0000000689f00000, 0x0000000689f00000, 0x000000068a000000|  0%| F|  |TAMS 0x0000000689f00000, 0x0000000689f00000| Untracked 
| 126|0x000000068a000000, 0x000000068a000000, 0x000000068a100000|  0%| F|  |TAMS 0x000000068a000000, 0x000000068a000000| Untracked 
| 127|0x000000068a100000, 0x000000068a100000, 0x000000068a200000|  0%| F|  |TAMS 0x000000068a100000, 0x000000068a100000| Untracked 
| 128|0x000000068a200000, 0x000000068a200000, 0x000000068a300000|  0%| F|  |TAMS 0x000000068a200000, 0x000000068a200000| Untracked 
| 129|0x000000068a300000, 0x000000068a300000, 0x000000068a400000|  0%| F|  |TAMS 0x000000068a300000, 0x000000068a300000| Untracked 
| 130|0x000000068a400000, 0x000000068a400000, 0x000000068a500000|  0%| F|  |TAMS 0x000000068a400000, 0x000000068a400000| Untracked 
| 131|0x000000068a500000, 0x000000068a500000, 0x000000068a600000|  0%| F|  |TAMS 0x000000068a500000, 0x000000068a500000| Untracked 
| 132|0x000000068a600000, 0x000000068a600000, 0x000000068a700000|  0%| F|  |TAMS 0x000000068a600000, 0x000000068a600000| Untracked 
| 133|0x000000068a700000, 0x000000068a700000, 0x000000068a800000|  0%| F|  |TAMS 0x000000068a700000, 0x000000068a700000| Untracked 
| 134|0x000000068a800000, 0x000000068a800000, 0x000000068a900000|  0%| F|  |TAMS 0x000000068a800000, 0x000000068a800000| Untracked 
| 135|0x000000068a900000, 0x000000068a900000, 0x000000068aa00000|  0%| F|  |TAMS 0x000000068a900000, 0x000000068a900000| Untracked 
| 136|0x000000068aa00000, 0x000000068aa00000, 0x000000068ab00000|  0%| F|  |TAMS 0x000000068aa00000, 0x000000068aa00000| Untracked 
| 137|0x000000068ab00000, 0x000000068ab00000, 0x000000068ac00000|  0%| F|  |TAMS 0x000000068ab00000, 0x000000068ab00000| Untracked 
| 138|0x000000068ac00000, 0x000000068ac00000, 0x000000068ad00000|  0%| F|  |TAMS 0x000000068ac00000, 0x000000068ac00000| Untracked 
| 139|0x000000068ad00000, 0x000000068ad00000, 0x000000068ae00000|  0%| F|  |TAMS 0x000000068ad00000, 0x000000068ad00000| Untracked 
| 140|0x000000068ae00000, 0x000000068ae00000, 0x000000068af00000|  0%| F|  |TAMS 0x000000068ae00000, 0x000000068ae00000| Untracked 
| 141|0x000000068af00000, 0x000000068af00000, 0x000000068b000000|  0%| F|  |TAMS 0x000000068af00000, 0x000000068af00000| Untracked 
| 142|0x000000068b000000, 0x000000068b000000, 0x000000068b100000|  0%| F|  |TAMS 0x000000068b000000, 0x000000068b000000| Untracked 
| 143|0x000000068b100000, 0x000000068b100000, 0x000000068b200000|  0%| F|  |TAMS 0x000000068b100000, 0x000000068b100000| Untracked 
| 144|0x000000068b200000, 0x000000068b200000, 0x000000068b300000|  0%| F|  |TAMS 0x000000068b200000, 0x000000068b200000| Untracked 
| 145|0x000000068b300000, 0x000000068b300000, 0x000000068b400000|  0%| F|  |TAMS 0x000000068b300000, 0x000000068b300000| Untracked 
| 146|0x000000068b400000, 0x000000068b400000, 0x000000068b500000|  0%| F|  |TAMS 0x000000068b400000, 0x000000068b400000| Untracked 
| 147|0x000000068b500000, 0x000000068b500000, 0x000000068b600000|  0%| F|  |TAMS 0x000000068b500000, 0x000000068b500000| Untracked 
| 148|0x000000068b600000, 0x000000068b600000, 0x000000068b700000|  0%| F|  |TAMS 0x000000068b600000, 0x000000068b600000| Untracked 
| 149|0x000000068b700000, 0x000000068b700000, 0x000000068b800000|  0%| F|  |TAMS 0x000000068b700000, 0x000000068b700000| Untracked 
| 150|0x000000068b800000, 0x000000068b800000, 0x000000068b900000|  0%| F|  |TAMS 0x000000068b800000, 0x000000068b800000| Untracked 
| 151|0x000000068b900000, 0x000000068b900000, 0x000000068ba00000|  0%| F|  |TAMS 0x000000068b900000, 0x000000068b900000| Untracked 
| 152|0x000000068ba00000, 0x000000068ba00000, 0x000000068bb00000|  0%| F|  |TAMS 0x000000068ba00000, 0x000000068ba00000| Untracked 
| 153|0x000000068bb00000, 0x000000068bb00000, 0x000000068bc00000|  0%| F|  |TAMS 0x000000068bb00000, 0x000000068bb00000| Untracked 
| 154|0x000000068bc00000, 0x000000068bc00000, 0x000000068bd00000|  0%| F|  |TAMS 0x000000068bc00000, 0x000000068bc00000| Untracked 
| 155|0x000000068bd00000, 0x000000068bd00000, 0x000000068be00000|  0%| F|  |TAMS 0x000000068bd00000, 0x000000068bd00000| Untracked 
| 156|0x000000068be00000, 0x000000068be00000, 0x000000068bf00000|  0%| F|  |TAMS 0x000000068be00000, 0x000000068be00000| Untracked 
| 157|0x000000068bf00000, 0x000000068bf00000, 0x000000068c000000|  0%| F|  |TAMS 0x000000068bf00000, 0x000000068bf00000| Untracked 
| 158|0x000000068c000000, 0x000000068c000000, 0x000000068c100000|  0%| F|  |TAMS 0x000000068c000000, 0x000000068c000000| Untracked 
| 159|0x000000068c100000, 0x000000068c100000, 0x000000068c200000|  0%| F|  |TAMS 0x000000068c100000, 0x000000068c100000| Untracked 
| 160|0x000000068c200000, 0x000000068c200000, 0x000000068c300000|  0%| F|  |TAMS 0x000000068c200000, 0x000000068c200000| Untracked 
| 161|0x000000068c300000, 0x000000068c300000, 0x000000068c400000|  0%| F|  |TAMS 0x000000068c300000, 0x000000068c300000| Untracked 
| 162|0x000000068c400000, 0x000000068c400000, 0x000000068c500000|  0%| F|  |TAMS 0x000000068c400000, 0x000000068c400000| Untracked 
| 163|0x000000068c500000, 0x000000068c500000, 0x000000068c600000|  0%| F|  |TAMS 0x000000068c500000, 0x000000068c500000| Untracked 
| 164|0x000000068c600000, 0x000000068c600000, 0x000000068c700000|  0%| F|  |TAMS 0x000000068c600000, 0x000000068c600000| Untracked 
| 165|0x000000068c700000, 0x000000068c700000, 0x000000068c800000|  0%| F|  |TAMS 0x000000068c700000, 0x000000068c700000| Untracked 
| 166|0x000000068c800000, 0x000000068c800000, 0x000000068c900000|  0%| F|  |TAMS 0x000000068c800000, 0x000000068c800000| Untracked 
| 167|0x000000068c900000, 0x000000068c900000, 0x000000068ca00000|  0%| F|  |TAMS 0x000000068c900000, 0x000000068c900000| Untracked 
| 168|0x000000068ca00000, 0x000000068ca00000, 0x000000068cb00000|  0%| F|  |TAMS 0x000000068ca00000, 0x000000068ca00000| Untracked 
| 169|0x000000068cb00000, 0x000000068cb00000, 0x000000068cc00000|  0%| F|  |TAMS 0x000000068cb00000, 0x000000068cb00000| Untracked 
| 170|0x000000068cc00000, 0x000000068cc00000, 0x000000068cd00000|  0%| F|  |TAMS 0x000000068cc00000, 0x000000068cc00000| Untracked 
| 171|0x000000068cd00000, 0x000000068cd00000, 0x000000068ce00000|  0%| F|  |TAMS 0x000000068cd00000, 0x000000068cd00000| Untracked 
| 172|0x000000068ce00000, 0x000000068ce00000, 0x000000068cf00000|  0%| F|  |TAMS 0x000000068ce00000, 0x000000068ce00000| Untracked 
| 173|0x000000068cf00000, 0x000000068cf00000, 0x000000068d000000|  0%| F|  |TAMS 0x000000068cf00000, 0x000000068cf00000| Untracked 
| 174|0x000000068d000000, 0x000000068d000000, 0x000000068d100000|  0%| F|  |TAMS 0x000000068d000000, 0x000000068d000000| Untracked 
| 175|0x000000068d100000, 0x000000068d100000, 0x000000068d200000|  0%| F|  |TAMS 0x000000068d100000, 0x000000068d100000| Untracked 
| 176|0x000000068d200000, 0x000000068d200000, 0x000000068d300000|  0%| F|  |TAMS 0x000000068d200000, 0x000000068d200000| Untracked 
| 177|0x000000068d300000, 0x000000068d300000, 0x000000068d400000|  0%| F|  |TAMS 0x000000068d300000, 0x000000068d300000| Untracked 
| 178|0x000000068d400000, 0x000000068d400000, 0x000000068d500000|  0%| F|  |TAMS 0x000000068d400000, 0x000000068d400000| Untracked 
| 179|0x000000068d500000, 0x000000068d500000, 0x000000068d600000|  0%| F|  |TAMS 0x000000068d500000, 0x000000068d500000| Untracked 
| 180|0x000000068d600000, 0x000000068d600000, 0x000000068d700000|  0%| F|  |TAMS 0x000000068d600000, 0x000000068d600000| Untracked 
| 181|0x000000068d700000, 0x000000068d700000, 0x000000068d800000|  0%| F|  |TAMS 0x000000068d700000, 0x000000068d700000| Untracked 
| 182|0x000000068d800000, 0x000000068d800000, 0x000000068d900000|  0%| F|  |TAMS 0x000000068d800000, 0x000000068d800000| Untracked 
| 183|0x000000068d900000, 0x000000068d900000, 0x000000068da00000|  0%| F|  |TAMS 0x000000068d900000, 0x000000068d900000| Untracked 
| 184|0x000000068da00000, 0x000000068da00000, 0x000000068db00000|  0%| F|  |TAMS 0x000000068da00000, 0x000000068da00000| Untracked 
| 185|0x000000068db00000, 0x000000068db00000, 0x000000068dc00000|  0%| F|  |TAMS 0x000000068db00000, 0x000000068db00000| Untracked 
| 186|0x000000068dc00000, 0x000000068dc00000, 0x000000068dd00000|  0%| F|  |TAMS 0x000000068dc00000, 0x000000068dc00000| Untracked 
| 187|0x000000068dd00000, 0x000000068dd00000, 0x000000068de00000|  0%| F|  |TAMS 0x000000068dd00000, 0x000000068dd00000| Untracked 
| 188|0x000000068de00000, 0x000000068de00000, 0x000000068df00000|  0%| F|  |TAMS 0x000000068de00000, 0x000000068de00000| Untracked 
| 189|0x000000068df00000, 0x000000068df00000, 0x000000068e000000|  0%| F|  |TAMS 0x000000068df00000, 0x000000068df00000| Untracked 
| 190|0x000000068e000000, 0x000000068e000000, 0x000000068e100000|  0%| F|  |TAMS 0x000000068e000000, 0x000000068e000000| Untracked 
| 191|0x000000068e100000, 0x000000068e100000, 0x000000068e200000|  0%| F|  |TAMS 0x000000068e100000, 0x000000068e100000| Untracked 
| 192|0x000000068e200000, 0x000000068e200000, 0x000000068e300000|  0%| F|  |TAMS 0x000000068e200000, 0x000000068e200000| Untracked 
| 193|0x000000068e300000, 0x000000068e300000, 0x000000068e400000|  0%| F|  |TAMS 0x000000068e300000, 0x000000068e300000| Untracked 
| 194|0x000000068e400000, 0x000000068e400000, 0x000000068e500000|  0%| F|  |TAMS 0x000000068e400000, 0x000000068e400000| Untracked 
| 195|0x000000068e500000, 0x000000068e500000, 0x000000068e600000|  0%| F|  |TAMS 0x000000068e500000, 0x000000068e500000| Untracked 
| 196|0x000000068e600000, 0x000000068e600000, 0x000000068e700000|  0%| F|  |TAMS 0x000000068e600000, 0x000000068e600000| Untracked 
| 197|0x000000068e700000, 0x000000068e700000, 0x000000068e800000|  0%| F|  |TAMS 0x000000068e700000, 0x000000068e700000| Untracked 
| 198|0x000000068e800000, 0x000000068e800000, 0x000000068e900000|  0%| F|  |TAMS 0x000000068e800000, 0x000000068e800000| Untracked 
| 199|0x000000068e900000, 0x000000068e900000, 0x000000068ea00000|  0%| F|  |TAMS 0x000000068e900000, 0x000000068e900000| Untracked 
| 200|0x000000068ea00000, 0x000000068ea00000, 0x000000068eb00000|  0%| F|  |TAMS 0x000000068ea00000, 0x000000068ea00000| Untracked 
| 201|0x000000068eb00000, 0x000000068eb00000, 0x000000068ec00000|  0%| F|  |TAMS 0x000000068eb00000, 0x000000068eb00000| Untracked 
| 202|0x000000068ec00000, 0x000000068ec00000, 0x000000068ed00000|  0%| F|  |TAMS 0x000000068ec00000, 0x000000068ec00000| Untracked 
| 203|0x000000068ed00000, 0x000000068ed00000, 0x000000068ee00000|  0%| F|  |TAMS 0x000000068ed00000, 0x000000068ed00000| Untracked 
| 204|0x000000068ee00000, 0x000000068ee00000, 0x000000068ef00000|  0%| F|  |TAMS 0x000000068ee00000, 0x000000068ee00000| Untracked 
| 205|0x000000068ef00000, 0x000000068ef00000, 0x000000068f000000|  0%| F|  |TAMS 0x000000068ef00000, 0x000000068ef00000| Untracked 
| 206|0x000000068f000000, 0x000000068f000000, 0x000000068f100000|  0%| F|  |TAMS 0x000000068f000000, 0x000000068f000000| Untracked 
| 207|0x000000068f100000, 0x000000068f100000, 0x000000068f200000|  0%| F|  |TAMS 0x000000068f100000, 0x000000068f100000| Untracked 
| 208|0x000000068f200000, 0x000000068f200000, 0x000000068f300000|  0%| F|  |TAMS 0x000000068f200000, 0x000000068f200000| Untracked 
| 209|0x000000068f300000, 0x000000068f300000, 0x000000068f400000|  0%| F|  |TAMS 0x000000068f300000, 0x000000068f300000| Untracked 
| 210|0x000000068f400000, 0x000000068f400000, 0x000000068f500000|  0%| F|  |TAMS 0x000000068f400000, 0x000000068f400000| Untracked 
| 211|0x000000068f500000, 0x000000068f500000, 0x000000068f600000|  0%| F|  |TAMS 0x000000068f500000, 0x000000068f500000| Untracked 
| 212|0x000000068f600000, 0x000000068f600000, 0x000000068f700000|  0%| F|  |TAMS 0x000000068f600000, 0x000000068f600000| Untracked 
| 213|0x000000068f700000, 0x000000068f700000, 0x000000068f800000|  0%| F|  |TAMS 0x000000068f700000, 0x000000068f700000| Untracked 
| 214|0x000000068f800000, 0x000000068f800000, 0x000000068f900000|  0%| F|  |TAMS 0x000000068f800000, 0x000000068f800000| Untracked 
| 215|0x000000068f900000, 0x000000068f900000, 0x000000068fa00000|  0%| F|  |TAMS 0x000000068f900000, 0x000000068f900000| Untracked 
| 216|0x000000068fa00000, 0x000000068fa00000, 0x000000068fb00000|  0%| F|  |TAMS 0x000000068fa00000, 0x000000068fa00000| Untracked 
| 217|0x000000068fb00000, 0x000000068fb00000, 0x000000068fc00000|  0%| F|  |TAMS 0x000000068fb00000, 0x000000068fb00000| Untracked 
| 218|0x000000068fc00000, 0x000000068fc00000, 0x000000068fd00000|  0%| F|  |TAMS 0x000000068fc00000, 0x000000068fc00000| Untracked 
| 219|0x000000068fd00000, 0x000000068fd00000, 0x000000068fe00000|  0%| F|  |TAMS 0x000000068fd00000, 0x000000068fd00000| Untracked 
| 220|0x000000068fe00000, 0x000000068fe00000, 0x000000068ff00000|  0%| F|  |TAMS 0x000000068fe00000, 0x000000068fe00000| Untracked 
| 221|0x000000068ff00000, 0x000000068ff00000, 0x0000000690000000|  0%| F|  |TAMS 0x000000068ff00000, 0x000000068ff00000| Untracked 
| 222|0x0000000690000000, 0x0000000690000000, 0x0000000690100000|  0%| F|  |TAMS 0x0000000690000000, 0x0000000690000000| Untracked 
| 223|0x0000000690100000, 0x0000000690100000, 0x0000000690200000|  0%| F|  |TAMS 0x0000000690100000, 0x0000000690100000| Untracked 
| 224|0x0000000690200000, 0x0000000690200000, 0x0000000690300000|  0%| F|  |TAMS 0x0000000690200000, 0x0000000690200000| Untracked 
| 225|0x0000000690300000, 0x0000000690300000, 0x0000000690400000|  0%| F|  |TAMS 0x0000000690300000, 0x0000000690300000| Untracked 
| 226|0x0000000690400000, 0x0000000690400000, 0x0000000690500000|  0%| F|  |TAMS 0x0000000690400000, 0x0000000690400000| Untracked 
| 227|0x0000000690500000, 0x0000000690500000, 0x0000000690600000|  0%| F|  |TAMS 0x0000000690500000, 0x0000000690500000| Untracked 
| 228|0x0000000690600000, 0x0000000690600000, 0x0000000690700000|  0%| F|  |TAMS 0x0000000690600000, 0x0000000690600000| Untracked 
| 229|0x0000000690700000, 0x0000000690700000, 0x0000000690800000|  0%| F|  |TAMS 0x0000000690700000, 0x0000000690700000| Untracked 
| 230|0x0000000690800000, 0x0000000690800000, 0x0000000690900000|  0%| F|  |TAMS 0x0000000690800000, 0x0000000690800000| Untracked 
| 231|0x0000000690900000, 0x0000000690900000, 0x0000000690a00000|  0%| F|  |TAMS 0x0000000690900000, 0x0000000690900000| Untracked 
| 232|0x0000000690a00000, 0x0000000690a00000, 0x0000000690b00000|  0%| F|  |TAMS 0x0000000690a00000, 0x0000000690a00000| Untracked 
| 233|0x0000000690b00000, 0x0000000690b00000, 0x0000000690c00000|  0%| F|  |TAMS 0x0000000690b00000, 0x0000000690b00000| Untracked 
| 234|0x0000000690c00000, 0x0000000690c00000, 0x0000000690d00000|  0%| F|  |TAMS 0x0000000690c00000, 0x0000000690c00000| Untracked 
| 235|0x0000000690d00000, 0x0000000690d00000, 0x0000000690e00000|  0%| F|  |TAMS 0x0000000690d00000, 0x0000000690d00000| Untracked 
| 236|0x0000000690e00000, 0x0000000690e00000, 0x0000000690f00000|  0%| F|  |TAMS 0x0000000690e00000, 0x0000000690e00000| Untracked 
| 237|0x0000000690f00000, 0x0000000690f00000, 0x0000000691000000|  0%| F|  |TAMS 0x0000000690f00000, 0x0000000690f00000| Untracked 
| 238|0x0000000691000000, 0x0000000691000000, 0x0000000691100000|  0%| F|  |TAMS 0x0000000691000000, 0x0000000691000000| Untracked 
| 239|0x0000000691100000, 0x0000000691100000, 0x0000000691200000|  0%| F|  |TAMS 0x0000000691100000, 0x0000000691100000| Untracked 
| 240|0x0000000691200000, 0x0000000691200000, 0x0000000691300000|  0%| F|  |TAMS 0x0000000691200000, 0x0000000691200000| Untracked 
| 241|0x0000000691300000, 0x0000000691300000, 0x0000000691400000|  0%| F|  |TAMS 0x0000000691300000, 0x0000000691300000| Untracked 
| 242|0x0000000691400000, 0x0000000691400000, 0x0000000691500000|  0%| F|  |TAMS 0x0000000691400000, 0x0000000691400000| Untracked 
| 243|0x0000000691500000, 0x0000000691500000, 0x0000000691600000|  0%| F|  |TAMS 0x0000000691500000, 0x0000000691500000| Untracked 
| 244|0x0000000691600000, 0x0000000691600000, 0x0000000691700000|  0%| F|  |TAMS 0x0000000691600000, 0x0000000691600000| Untracked 
| 245|0x0000000691700000, 0x0000000691700000, 0x0000000691800000|  0%| F|  |TAMS 0x0000000691700000, 0x0000000691700000| Untracked 
| 246|0x0000000691800000, 0x0000000691800000, 0x0000000691900000|  0%| F|  |TAMS 0x0000000691800000, 0x0000000691800000| Untracked 
| 247|0x0000000691900000, 0x0000000691900000, 0x0000000691a00000|  0%| F|  |TAMS 0x0000000691900000, 0x0000000691900000| Untracked 
| 248|0x0000000691a00000, 0x0000000691a00000, 0x0000000691b00000|  0%| F|  |TAMS 0x0000000691a00000, 0x0000000691a00000| Untracked 
| 249|0x0000000691b00000, 0x0000000691b00000, 0x0000000691c00000|  0%| F|  |TAMS 0x0000000691b00000, 0x0000000691b00000| Untracked 
| 250|0x0000000691c00000, 0x0000000691c00000, 0x0000000691d00000|  0%| F|  |TAMS 0x0000000691c00000, 0x0000000691c00000| Untracked 
| 251|0x0000000691d00000, 0x0000000691d00000, 0x0000000691e00000|  0%| F|  |TAMS 0x0000000691d00000, 0x0000000691d00000| Untracked 
| 252|0x0000000691e00000, 0x0000000691e00000, 0x0000000691f00000|  0%| F|  |TAMS 0x0000000691e00000, 0x0000000691e00000| Untracked 
| 253|0x0000000691f00000, 0x0000000691f00000, 0x0000000692000000|  0%| F|  |TAMS 0x0000000691f00000, 0x0000000691f00000| Untracked 
| 254|0x0000000692000000, 0x0000000692000000, 0x0000000692100000|  0%| F|  |TAMS 0x0000000692000000, 0x0000000692000000| Untracked 
| 255|0x0000000692100000, 0x0000000692100000, 0x0000000692200000|  0%| F|  |TAMS 0x0000000692100000, 0x0000000692100000| Untracked 
| 256|0x0000000692200000, 0x0000000692200000, 0x0000000692300000|  0%| F|  |TAMS 0x0000000692200000, 0x0000000692200000| Untracked 
| 257|0x0000000692300000, 0x0000000692300000, 0x0000000692400000|  0%| F|  |TAMS 0x0000000692300000, 0x0000000692300000| Untracked 
| 258|0x0000000692400000, 0x0000000692400000, 0x0000000692500000|  0%| F|  |TAMS 0x0000000692400000, 0x0000000692400000| Untracked 
| 259|0x0000000692500000, 0x0000000692500000, 0x0000000692600000|  0%| F|  |TAMS 0x0000000692500000, 0x0000000692500000| Untracked 
| 260|0x0000000692600000, 0x0000000692600000, 0x0000000692700000|  0%| F|  |TAMS 0x0000000692600000, 0x0000000692600000| Untracked 
| 261|0x0000000692700000, 0x0000000692700000, 0x0000000692800000|  0%| F|  |TAMS 0x0000000692700000, 0x0000000692700000| Untracked 
| 262|0x0000000692800000, 0x0000000692800000, 0x0000000692900000|  0%| F|  |TAMS 0x0000000692800000, 0x0000000692800000| Untracked 
| 263|0x0000000692900000, 0x0000000692900000, 0x0000000692a00000|  0%| F|  |TAMS 0x0000000692900000, 0x0000000692900000| Untracked 
| 264|0x0000000692a00000, 0x0000000692a00000, 0x0000000692b00000|  0%| F|  |TAMS 0x0000000692a00000, 0x0000000692a00000| Untracked 
| 265|0x0000000692b00000, 0x0000000692b00000, 0x0000000692c00000|  0%| F|  |TAMS 0x0000000692b00000, 0x0000000692b00000| Untracked 
| 266|0x0000000692c00000, 0x0000000692c00000, 0x0000000692d00000|  0%| F|  |TAMS 0x0000000692c00000, 0x0000000692c00000| Untracked 
| 267|0x0000000692d00000, 0x0000000692d00000, 0x0000000692e00000|  0%| F|  |TAMS 0x0000000692d00000, 0x0000000692d00000| Untracked 
| 268|0x0000000692e00000, 0x0000000692e00000, 0x0000000692f00000|  0%| F|  |TAMS 0x0000000692e00000, 0x0000000692e00000| Untracked 
| 269|0x0000000692f00000, 0x0000000692f00000, 0x0000000693000000|  0%| F|  |TAMS 0x0000000692f00000, 0x0000000692f00000| Untracked 
| 270|0x0000000693000000, 0x0000000693000000, 0x0000000693100000|  0%| F|  |TAMS 0x0000000693000000, 0x0000000693000000| Untracked 
| 271|0x0000000693100000, 0x0000000693100000, 0x0000000693200000|  0%| F|  |TAMS 0x0000000693100000, 0x0000000693100000| Untracked 
| 272|0x0000000693200000, 0x0000000693200000, 0x0000000693300000|  0%| F|  |TAMS 0x0000000693200000, 0x0000000693200000| Untracked 
| 273|0x0000000693300000, 0x0000000693300000, 0x0000000693400000|  0%| F|  |TAMS 0x0000000693300000, 0x0000000693300000| Untracked 
| 274|0x0000000693400000, 0x0000000693400000, 0x0000000693500000|  0%| F|  |TAMS 0x0000000693400000, 0x0000000693400000| Untracked 
| 275|0x0000000693500000, 0x0000000693500000, 0x0000000693600000|  0%| F|  |TAMS 0x0000000693500000, 0x0000000693500000| Untracked 
| 276|0x0000000693600000, 0x0000000693600000, 0x0000000693700000|  0%| F|  |TAMS 0x0000000693600000, 0x0000000693600000| Untracked 
| 277|0x0000000693700000, 0x0000000693700000, 0x0000000693800000|  0%| F|  |TAMS 0x0000000693700000, 0x0000000693700000| Untracked 
| 278|0x0000000693800000, 0x0000000693800000, 0x0000000693900000|  0%| F|  |TAMS 0x0000000693800000, 0x0000000693800000| Untracked 
| 279|0x0000000693900000, 0x0000000693900000, 0x0000000693a00000|  0%| F|  |TAMS 0x0000000693900000, 0x0000000693900000| Untracked 
| 280|0x0000000693a00000, 0x0000000693a00000, 0x0000000693b00000|  0%| F|  |TAMS 0x0000000693a00000, 0x0000000693a00000| Untracked 
| 281|0x0000000693b00000, 0x0000000693b00000, 0x0000000693c00000|  0%| F|  |TAMS 0x0000000693b00000, 0x0000000693b00000| Untracked 
| 282|0x0000000693c00000, 0x0000000693c00000, 0x0000000693d00000|  0%| F|  |TAMS 0x0000000693c00000, 0x0000000693c00000| Untracked 
| 283|0x0000000693d00000, 0x0000000693d00000, 0x0000000693e00000|  0%| F|  |TAMS 0x0000000693d00000, 0x0000000693d00000| Untracked 
| 284|0x0000000693e00000, 0x0000000693e00000, 0x0000000693f00000|  0%| F|  |TAMS 0x0000000693e00000, 0x0000000693e00000| Untracked 
| 285|0x0000000693f00000, 0x0000000693f00000, 0x0000000694000000|  0%| F|  |TAMS 0x0000000693f00000, 0x0000000693f00000| Untracked 
| 286|0x0000000694000000, 0x0000000694000000, 0x0000000694100000|  0%| F|  |TAMS 0x0000000694000000, 0x0000000694000000| Untracked 
| 287|0x0000000694100000, 0x0000000694100000, 0x0000000694200000|  0%| F|  |TAMS 0x0000000694100000, 0x0000000694100000| Untracked 
| 288|0x0000000694200000, 0x0000000694200000, 0x0000000694300000|  0%| F|  |TAMS 0x0000000694200000, 0x0000000694200000| Untracked 
| 289|0x0000000694300000, 0x0000000694300000, 0x0000000694400000|  0%| F|  |TAMS 0x0000000694300000, 0x0000000694300000| Untracked 
| 290|0x0000000694400000, 0x0000000694400000, 0x0000000694500000|  0%| F|  |TAMS 0x0000000694400000, 0x0000000694400000| Untracked 
| 291|0x0000000694500000, 0x0000000694500000, 0x0000000694600000|  0%| F|  |TAMS 0x0000000694500000, 0x0000000694500000| Untracked 
| 292|0x0000000694600000, 0x0000000694600000, 0x0000000694700000|  0%| F|  |TAMS 0x0000000694600000, 0x0000000694600000| Untracked 
| 293|0x0000000694700000, 0x0000000694700000, 0x0000000694800000|  0%| F|  |TAMS 0x0000000694700000, 0x0000000694700000| Untracked 
| 294|0x0000000694800000, 0x0000000694800000, 0x0000000694900000|  0%| F|  |TAMS 0x0000000694800000, 0x0000000694800000| Untracked 
| 295|0x0000000694900000, 0x0000000694900000, 0x0000000694a00000|  0%| F|  |TAMS 0x0000000694900000, 0x0000000694900000| Untracked 
| 296|0x0000000694a00000, 0x0000000694a00000, 0x0000000694b00000|  0%| F|  |TAMS 0x0000000694a00000, 0x0000000694a00000| Untracked 
| 297|0x0000000694b00000, 0x0000000694b00000, 0x0000000694c00000|  0%| F|  |TAMS 0x0000000694b00000, 0x0000000694b00000| Untracked 
| 298|0x0000000694c00000, 0x0000000694c00000, 0x0000000694d00000|  0%| F|  |TAMS 0x0000000694c00000, 0x0000000694c00000| Untracked 
| 299|0x0000000694d00000, 0x0000000694d00000, 0x0000000694e00000|  0%| F|  |TAMS 0x0000000694d00000, 0x0000000694d00000| Untracked 
| 300|0x0000000694e00000, 0x0000000694e00000, 0x0000000694f00000|  0%| F|  |TAMS 0x0000000694e00000, 0x0000000694e00000| Untracked 
| 301|0x0000000694f00000, 0x0000000694f00000, 0x0000000695000000|  0%| F|  |TAMS 0x0000000694f00000, 0x0000000694f00000| Untracked 
| 302|0x0000000695000000, 0x0000000695000000, 0x0000000695100000|  0%| F|  |TAMS 0x0000000695000000, 0x0000000695000000| Untracked 
| 303|0x0000000695100000, 0x0000000695100000, 0x0000000695200000|  0%| F|  |TAMS 0x0000000695100000, 0x0000000695100000| Untracked 
| 304|0x0000000695200000, 0x0000000695200000, 0x0000000695300000|  0%| F|  |TAMS 0x0000000695200000, 0x0000000695200000| Untracked 
| 305|0x0000000695300000, 0x0000000695300000, 0x0000000695400000|  0%| F|  |TAMS 0x0000000695300000, 0x0000000695300000| Untracked 
| 306|0x0000000695400000, 0x0000000695400000, 0x0000000695500000|  0%| F|  |TAMS 0x0000000695400000, 0x0000000695400000| Untracked 
| 307|0x0000000695500000, 0x0000000695500000, 0x0000000695600000|  0%| F|  |TAMS 0x0000000695500000, 0x0000000695500000| Untracked 
| 308|0x0000000695600000, 0x0000000695600000, 0x0000000695700000|  0%| F|  |TAMS 0x0000000695600000, 0x0000000695600000| Untracked 
| 309|0x0000000695700000, 0x0000000695700000, 0x0000000695800000|  0%| F|  |TAMS 0x0000000695700000, 0x0000000695700000| Untracked 
| 310|0x0000000695800000, 0x0000000695800000, 0x0000000695900000|  0%| F|  |TAMS 0x0000000695800000, 0x0000000695800000| Untracked 
| 311|0x0000000695900000, 0x0000000695900000, 0x0000000695a00000|  0%| F|  |TAMS 0x0000000695900000, 0x0000000695900000| Untracked 
| 312|0x0000000695a00000, 0x0000000695a00000, 0x0000000695b00000|  0%| F|  |TAMS 0x0000000695a00000, 0x0000000695a00000| Untracked 
| 313|0x0000000695b00000, 0x0000000695b00000, 0x0000000695c00000|  0%| F|  |TAMS 0x0000000695b00000, 0x0000000695b00000| Untracked 
| 314|0x0000000695c00000, 0x0000000695c00000, 0x0000000695d00000|  0%| F|  |TAMS 0x0000000695c00000, 0x0000000695c00000| Untracked 
| 315|0x0000000695d00000, 0x0000000695d00000, 0x0000000695e00000|  0%| F|  |TAMS 0x0000000695d00000, 0x0000000695d00000| Untracked 
| 316|0x0000000695e00000, 0x0000000695e00000, 0x0000000695f00000|  0%| F|  |TAMS 0x0000000695e00000, 0x0000000695e00000| Untracked 
| 317|0x0000000695f00000, 0x0000000695f00000, 0x0000000696000000|  0%| F|  |TAMS 0x0000000695f00000, 0x0000000695f00000| Untracked 
| 318|0x0000000696000000, 0x0000000696000000, 0x0000000696100000|  0%| F|  |TAMS 0x0000000696000000, 0x0000000696000000| Untracked 
| 319|0x0000000696100000, 0x0000000696100000, 0x0000000696200000|  0%| F|  |TAMS 0x0000000696100000, 0x0000000696100000| Untracked 
| 320|0x0000000696200000, 0x0000000696200000, 0x0000000696300000|  0%| F|  |TAMS 0x0000000696200000, 0x0000000696200000| Untracked 
| 321|0x0000000696300000, 0x0000000696300000, 0x0000000696400000|  0%| F|  |TAMS 0x0000000696300000, 0x0000000696300000| Untracked 
| 322|0x0000000696400000, 0x0000000696400000, 0x0000000696500000|  0%| F|  |TAMS 0x0000000696400000, 0x0000000696400000| Untracked 
| 323|0x0000000696500000, 0x0000000696500000, 0x0000000696600000|  0%| F|  |TAMS 0x0000000696500000, 0x0000000696500000| Untracked 
| 324|0x0000000696600000, 0x0000000696600000, 0x0000000696700000|  0%| F|  |TAMS 0x0000000696600000, 0x0000000696600000| Untracked 
| 325|0x0000000696700000, 0x0000000696700000, 0x0000000696800000|  0%| F|  |TAMS 0x0000000696700000, 0x0000000696700000| Untracked 
| 326|0x0000000696800000, 0x0000000696800000, 0x0000000696900000|  0%| F|  |TAMS 0x0000000696800000, 0x0000000696800000| Untracked 
| 327|0x0000000696900000, 0x0000000696900000, 0x0000000696a00000|  0%| F|  |TAMS 0x0000000696900000, 0x0000000696900000| Untracked 
| 328|0x0000000696a00000, 0x0000000696a00000, 0x0000000696b00000|  0%| F|  |TAMS 0x0000000696a00000, 0x0000000696a00000| Untracked 
| 329|0x0000000696b00000, 0x0000000696b00000, 0x0000000696c00000|  0%| F|  |TAMS 0x0000000696b00000, 0x0000000696b00000| Untracked 
| 330|0x0000000696c00000, 0x0000000696c00000, 0x0000000696d00000|  0%| F|  |TAMS 0x0000000696c00000, 0x0000000696c00000| Untracked 
| 331|0x0000000696d00000, 0x0000000696d00000, 0x0000000696e00000|  0%| F|  |TAMS 0x0000000696d00000, 0x0000000696d00000| Untracked 
| 332|0x0000000696e00000, 0x0000000696e00000, 0x0000000696f00000|  0%| F|  |TAMS 0x0000000696e00000, 0x0000000696e00000| Untracked 
| 333|0x0000000696f00000, 0x0000000696f00000, 0x0000000697000000|  0%| F|  |TAMS 0x0000000696f00000, 0x0000000696f00000| Untracked 
| 334|0x0000000697000000, 0x0000000697000000, 0x0000000697100000|  0%| F|  |TAMS 0x0000000697000000, 0x0000000697000000| Untracked 
| 335|0x0000000697100000, 0x0000000697100000, 0x0000000697200000|  0%| F|  |TAMS 0x0000000697100000, 0x0000000697100000| Untracked 
| 336|0x0000000697200000, 0x0000000697200000, 0x0000000697300000|  0%| F|  |TAMS 0x0000000697200000, 0x0000000697200000| Untracked 
| 337|0x0000000697300000, 0x0000000697300000, 0x0000000697400000|  0%| F|  |TAMS 0x0000000697300000, 0x0000000697300000| Untracked 
| 338|0x0000000697400000, 0x0000000697400000, 0x0000000697500000|  0%| F|  |TAMS 0x0000000697400000, 0x0000000697400000| Untracked 
| 339|0x0000000697500000, 0x0000000697500000, 0x0000000697600000|  0%| F|  |TAMS 0x0000000697500000, 0x0000000697500000| Untracked 
| 340|0x0000000697600000, 0x0000000697600000, 0x0000000697700000|  0%| F|  |TAMS 0x0000000697600000, 0x0000000697600000| Untracked 
| 341|0x0000000697700000, 0x0000000697700000, 0x0000000697800000|  0%| F|  |TAMS 0x0000000697700000, 0x0000000697700000| Untracked 
| 342|0x0000000697800000, 0x0000000697800000, 0x0000000697900000|  0%| F|  |TAMS 0x0000000697800000, 0x0000000697800000| Untracked 
| 343|0x0000000697900000, 0x0000000697900000, 0x0000000697a00000|  0%| F|  |TAMS 0x0000000697900000, 0x0000000697900000| Untracked 
| 344|0x0000000697a00000, 0x0000000697a00000, 0x0000000697b00000|  0%| F|  |TAMS 0x0000000697a00000, 0x0000000697a00000| Untracked 
| 345|0x0000000697b00000, 0x0000000697b00000, 0x0000000697c00000|  0%| F|  |TAMS 0x0000000697b00000, 0x0000000697b00000| Untracked 
| 346|0x0000000697c00000, 0x0000000697c00000, 0x0000000697d00000|  0%| F|  |TAMS 0x0000000697c00000, 0x0000000697c00000| Untracked 
| 347|0x0000000697d00000, 0x0000000697d00000, 0x0000000697e00000|  0%| F|  |TAMS 0x0000000697d00000, 0x0000000697d00000| Untracked 
| 348|0x0000000697e00000, 0x0000000697e00000, 0x0000000697f00000|  0%| F|  |TAMS 0x0000000697e00000, 0x0000000697e00000| Untracked 
| 349|0x0000000697f00000, 0x0000000697f00000, 0x0000000698000000|  0%| F|  |TAMS 0x0000000697f00000, 0x0000000697f00000| Untracked 
| 350|0x0000000698000000, 0x0000000698000000, 0x0000000698100000|  0%| F|  |TAMS 0x0000000698000000, 0x0000000698000000| Untracked 
| 351|0x0000000698100000, 0x0000000698100000, 0x0000000698200000|  0%| F|  |TAMS 0x0000000698100000, 0x0000000698100000| Untracked 
| 352|0x0000000698200000, 0x0000000698200000, 0x0000000698300000|  0%| F|  |TAMS 0x0000000698200000, 0x0000000698200000| Untracked 
| 353|0x0000000698300000, 0x0000000698300000, 0x0000000698400000|  0%| F|  |TAMS 0x0000000698300000, 0x0000000698300000| Untracked 
| 354|0x0000000698400000, 0x0000000698400000, 0x0000000698500000|  0%| F|  |TAMS 0x0000000698400000, 0x0000000698400000| Untracked 
| 355|0x0000000698500000, 0x0000000698500000, 0x0000000698600000|  0%| F|  |TAMS 0x0000000698500000, 0x0000000698500000| Untracked 
| 356|0x0000000698600000, 0x0000000698600000, 0x0000000698700000|  0%| F|  |TAMS 0x0000000698600000, 0x0000000698600000| Untracked 
| 357|0x0000000698700000, 0x0000000698700000, 0x0000000698800000|  0%| F|  |TAMS 0x0000000698700000, 0x0000000698700000| Untracked 
| 358|0x0000000698800000, 0x0000000698800000, 0x0000000698900000|  0%| F|  |TAMS 0x0000000698800000, 0x0000000698800000| Untracked 
| 359|0x0000000698900000, 0x0000000698900000, 0x0000000698a00000|  0%| F|  |TAMS 0x0000000698900000, 0x0000000698900000| Untracked 
| 360|0x0000000698a00000, 0x0000000698a00000, 0x0000000698b00000|  0%| F|  |TAMS 0x0000000698a00000, 0x0000000698a00000| Untracked 
| 361|0x0000000698b00000, 0x0000000698b00000, 0x0000000698c00000|  0%| F|  |TAMS 0x0000000698b00000, 0x0000000698b00000| Untracked 
| 362|0x0000000698c00000, 0x0000000698c00000, 0x0000000698d00000|  0%| F|  |TAMS 0x0000000698c00000, 0x0000000698c00000| Untracked 
| 363|0x0000000698d00000, 0x0000000698d00000, 0x0000000698e00000|  0%| F|  |TAMS 0x0000000698d00000, 0x0000000698d00000| Untracked 
| 364|0x0000000698e00000, 0x0000000698e00000, 0x0000000698f00000|  0%| F|  |TAMS 0x0000000698e00000, 0x0000000698e00000| Untracked 
| 365|0x0000000698f00000, 0x0000000698f00000, 0x0000000699000000|  0%| F|  |TAMS 0x0000000698f00000, 0x0000000698f00000| Untracked 
| 366|0x0000000699000000, 0x0000000699000000, 0x0000000699100000|  0%| F|  |TAMS 0x0000000699000000, 0x0000000699000000| Untracked 
| 367|0x0000000699100000, 0x0000000699100000, 0x0000000699200000|  0%| F|  |TAMS 0x0000000699100000, 0x0000000699100000| Untracked 
| 368|0x0000000699200000, 0x0000000699200000, 0x0000000699300000|  0%| F|  |TAMS 0x0000000699200000, 0x0000000699200000| Untracked 
| 369|0x0000000699300000, 0x0000000699300000, 0x0000000699400000|  0%| F|  |TAMS 0x0000000699300000, 0x0000000699300000| Untracked 
| 370|0x0000000699400000, 0x0000000699400000, 0x0000000699500000|  0%| F|  |TAMS 0x0000000699400000, 0x0000000699400000| Untracked 
| 371|0x0000000699500000, 0x0000000699500000, 0x0000000699600000|  0%| F|  |TAMS 0x0000000699500000, 0x0000000699500000| Untracked 
| 372|0x0000000699600000, 0x0000000699600000, 0x0000000699700000|  0%| F|  |TAMS 0x0000000699600000, 0x0000000699600000| Untracked 
| 373|0x0000000699700000, 0x0000000699700000, 0x0000000699800000|  0%| F|  |TAMS 0x0000000699700000, 0x0000000699700000| Untracked 
| 374|0x0000000699800000, 0x0000000699800000, 0x0000000699900000|  0%| F|  |TAMS 0x0000000699800000, 0x0000000699800000| Untracked 
| 375|0x0000000699900000, 0x0000000699900000, 0x0000000699a00000|  0%| F|  |TAMS 0x0000000699900000, 0x0000000699900000| Untracked 
| 376|0x0000000699a00000, 0x0000000699af7068, 0x0000000699b00000| 96%| E|  |TAMS 0x0000000699a00000, 0x0000000699a00000| Complete 
| 377|0x0000000699b00000, 0x0000000699c00000, 0x0000000699c00000|100%| E|CS|TAMS 0x0000000699b00000, 0x0000000699b00000| Complete 
| 378|0x0000000699c00000, 0x0000000699d00000, 0x0000000699d00000|100%| E|  |TAMS 0x0000000699c00000, 0x0000000699c00000| Complete 
| 379|0x0000000699d00000, 0x0000000699e00000, 0x0000000699e00000|100%| E|CS|TAMS 0x0000000699d00000, 0x0000000699d00000| Complete 
| 380|0x0000000699e00000, 0x0000000699f00000, 0x0000000699f00000|100%| E|CS|TAMS 0x0000000699e00000, 0x0000000699e00000| Complete 
| 381|0x0000000699f00000, 0x000000069a000000, 0x000000069a000000|100%| E|CS|TAMS 0x0000000699f00000, 0x0000000699f00000| Complete 

Card table byte_map: [0x0000023fde500000,0x0000023fdf0f0000] _byte_map_base: 0x0000023fdb0ef000

Marking Bits (Prev, Next): (CMBitMap*) 0x0000023fc60dee28, (CMBitMap*) 0x0000023fc60dee60
 Prev Bits: [0x0000023fdfce0000, 0x0000023fe5c58000)
 Next Bits: [0x0000023fe5c60000, 0x0000023febbd8000)

Polling page: 0x0000023fc3eb0000

Metaspace:

Usage:
  Non-class:      8.58 MB capacity,     8.54 MB (>99%) used,    37.30 KB ( <1%) free+waste,     8.50 KB ( <1%) overhead. 
      Class:    911.00 KB capacity,   870.81 KB ( 96%) used,    36.75 KB (  4%) free+waste,     3.44 KB ( <1%) overhead. 
       Both:      9.47 MB capacity,     9.39 MB (>99%) used,    74.05 KB ( <1%) free+waste,    11.94 KB ( <1%) overhead. 

Virtual space:
  Non-class space:       10.00 MB reserved,       8.75 MB ( 88%) committed 
      Class space:        1.00 GB reserved,       1.00 MB ( <1%) committed 
             Both:        1.01 GB reserved,       9.75 MB ( <1%) committed 

Chunk freelists:
   Non-Class:  5.13 KB
       Class:  2.13 KB
        Both:  7.25 KB

CodeHeap 'non-profiled nmethods': size=120000Kb used=117Kb max_used=117Kb free=119882Kb
 bounds [0x0000023fd5e90000, 0x0000023fd6100000, 0x0000023fdd3c0000]
CodeHeap 'profiled nmethods': size=120000Kb used=665Kb max_used=665Kb free=119334Kb
 bounds [0x0000023fce960000, 0x0000023fcebd0000, 0x0000023fd5e90000]
CodeHeap 'non-nmethods': size=5760Kb used=1160Kb max_used=1173Kb free=4599Kb
 bounds [0x0000023fce3c0000, 0x0000023fce630000, 0x0000023fce960000]
 total_blobs=904 nmethods=430 adapters=289
 compilation: enabled
              stopped_count=0, restarted_count=0
 full_count=0

Compilation events (10 events):
Event: 104.161 Thread 0x0000023fef3dd800  426       3       org.eclipse.jdt.launching.internal.org.objectweb.asm.ClassReader::readClass (7 bytes)
Event: 104.161 Thread 0x0000023fef3dd800 nmethod 426 0x0000023fcea02590 code [0x0000023fcea02780, 0x0000023fcea02c70]
Event: 104.161 Thread 0x0000023fef3dd800  428       3       org.eclipse.jdt.launching.internal.org.objectweb.asm.MethodWriter::visitLabel (328 bytes)
Event: 104.161 Thread 0x0000023fef3dd800 nmethod 428 0x0000023fcea02f10 code [0x0000023fcea031a0, 0x0000023fcea04120]
Event: 104.161 Thread 0x0000023fef3dd800  427       3       org.eclipse.jdt.launching.internal.org.objectweb.asm.ClassReader::readStringish (16 bytes)
Event: 104.162 Thread 0x0000023fef3dd800 nmethod 427 0x0000023fcea04490 code [0x0000023fcea04680, 0x0000023fcea04af0]
Event: 104.162 Thread 0x0000023fef3dd800  429       3       org.eclipse.jdt.launching.internal.org.objectweb.asm.SymbolTable::addConstantMemberReference (147 bytes)
Event: 104.166 Thread 0x0000023fef3dd800 nmethod 429 0x0000023fcea04d10 code [0x0000023fcea04fa0, 0x0000023fcea05950]
Event: 104.166 Thread 0x0000023fef3dd800  430       3       org.eclipse.jdt.launching.internal.org.objectweb.asm.SymbolTable::hash (20 bytes)
Event: 104.166 Thread 0x0000023fef3dd800 nmethod 430 0x0000023fcea05f10 code [0x0000023fcea060e0, 0x0000023fcea06310]

GC Heap History (0 events):
No events

Deoptimization events (2 events):
Event: 0.381 Thread 0x0000023fc605c000 Uncommon trap: reason=unstable_if action=reinterpret pc=0x0000023fd5e9aad0 method=java.lang.String.hashCode()I @ 22 c2
Event: 0.381 Thread 0x0000023fc605c000 Uncommon trap: reason=unstable_if action=reinterpret pc=0x0000023fd5e95b84 method=java.lang.String.charAt(I)C @ 4 c2

Classes redefined (3 events):
Event: 104.164 Thread 0x0000023fef336000 redefined class name=scanning.Token, count=1
Event: 104.164 Thread 0x0000023fef336000 redefined class name=scanning.analysizer, count=1
Event: 104.165 Thread 0x0000023fef336000 redefined class name=scanning.Scanner, count=1

Internal exceptions (7 events):
Event: 0.096 Thread 0x0000023fc605c000 Exception <a 'java/lang/NoSuchMethodError'{0x0000000699e5f6a8}: java.lang.invoke.DirectMethodHandle$Holder.invokeSpecial(Ljava/lang/Object;Ljava/lang/Object;Ljava/lang/Object;Ljava/lang/Object;)I> (0x0000000699e5f6a8) thrown at [t:/workspace/open/src/hots
Event: 0.098 Thread 0x0000023fc605c000 Exception <a 'java/lang/NoSuchMethodError'{0x0000000699e67ad0}: java.lang.invoke.DirectMethodHandle$Holder.invokeVirtual(Ljava/lang/Object;Ljava/lang/Object;)V> (0x0000000699e67ad0) thrown at [t:/workspace/open/src/hotspot/share/interpreter/linkResolver.c
Event: 0.276 Thread 0x0000023fc605c000 Exception <a 'java/security/PrivilegedActionException'{0x0000000699d8c6e0}> (0x0000000699d8c6e0) thrown at [t:/workspace/open/src/hotspot/share/prims/jvm.cpp, line 1296]
Event: 0.276 Thread 0x0000023fc605c000 Exception <a 'java/security/PrivilegedActionException'{0x0000000699d8c9b0}> (0x0000000699d8c9b0) thrown at [t:/workspace/open/src/hotspot/share/prims/jvm.cpp, line 1296]
Event: 0.276 Thread 0x0000023fc605c000 Exception <a 'java/security/PrivilegedActionException'{0x0000000699d8d658}> (0x0000000699d8d658) thrown at [t:/workspace/open/src/hotspot/share/prims/jvm.cpp, line 1296]
Event: 0.276 Thread 0x0000023fc605c000 Exception <a 'java/security/PrivilegedActionException'{0x0000000699d8d928}> (0x0000000699d8d928) thrown at [t:/workspace/open/src/hotspot/share/prims/jvm.cpp, line 1296]
Event: 0.314 Thread 0x0000023fc605c000 Exception <a 'sun/nio/fs/WindowsException'{0x0000000699c4a1c0}> (0x0000000699c4a1c0) thrown at [t:/workspace/open/src/hotspot/share/prims/jni.cpp, line 615]

Events (10 events):
Event: 104.175 Executing VM operation: GetOwnedMonitorInfo done
Event: 104.175 Executing VM operation: GetCurrentContendedMonitor
Event: 104.175 Executing VM operation: GetCurrentContendedMonitor done
Event: 104.175 Executing VM operation: GetCurrentContendedMonitor
Event: 104.175 Executing VM operation: GetCurrentContendedMonitor done
Event: 104.175 Executing VM operation: GetOwnedMonitorInfo
Event: 104.175 Executing VM operation: GetOwnedMonitorInfo done
Event: 104.201 Executing VM operation: GetFrameLocation
Event: 104.201 Executing VM operation: GetFrameLocation done
Event: 104.201 Executing VM operation: GetOrSetLocal


Dynamic libraries:
0x00007ff6a74b0000 - 0x00007ff6a74f7000 	C:\Program Files\Java\jdk-11.0.5\bin\javaw.exe
0x00007fff80180000 - 0x00007fff80370000 	C:\Windows\SYSTEM32\ntdll.dll
0x00007fff7f420000 - 0x00007fff7f4d2000 	C:\Windows\System32\KERNEL32.DLL
0x00007fff7d520000 - 0x00007fff7d7c5000 	C:\Windows\System32\KERNELBASE.dll
0x00007fff7f370000 - 0x00007fff7f413000 	C:\Windows\System32\ADVAPI32.dll
0x00007fff800a0000 - 0x00007fff8013e000 	C:\Windows\System32\msvcrt.dll
0x00007fff7f710000 - 0x00007fff7f7a7000 	C:\Windows\System32\sechost.dll
0x00007fff7f820000 - 0x00007fff7f940000 	C:\Windows\System32\RPCRT4.dll
0x00007fff7e450000 - 0x00007fff7e5e5000 	C:\Windows\System32\USER32.dll
0x00007fff7d110000 - 0x00007fff7d131000 	C:\Windows\System32\win32u.dll
0x00007fff7ece0000 - 0x00007fff7ed06000 	C:\Windows\System32\GDI32.dll
0x00007fff7d330000 - 0x00007fff7d4c6000 	C:\Windows\System32\gdi32full.dll
0x00007fff7e190000 - 0x00007fff7e22e000 	C:\Windows\System32\msvcp_win.dll
0x00007fff7e060000 - 0x00007fff7e15a000 	C:\Windows\System32\ucrtbase.dll
0x00007fff67a30000 - 0x00007fff67cb4000 	C:\Windows\WinSxS\amd64_microsoft.windows.common-controls_6595b64144ccf1df_6.0.18362.1082_none_9e8193e1e45b25c1\COMCTL32.dll
0x00007fff75690000 - 0x00007fff7569a000 	C:\Windows\SYSTEM32\VERSION.dll
0x00007fff7f940000 - 0x00007fff7fc75000 	C:\Windows\System32\combase.dll
0x00007fff7d160000 - 0x00007fff7d1e0000 	C:\Windows\System32\bcryptPrimitives.dll
0x00007fff7ed20000 - 0x00007fff7ed4e000 	C:\Windows\System32\IMM32.DLL
0x00007fff58bd0000 - 0x00007fff58be6000 	C:\Program Files\Java\jdk-11.0.5\bin\vcruntime140.dll
0x00007fff3ad70000 - 0x00007fff3ae1a000 	C:\Program Files\Java\jdk-11.0.5\bin\msvcp140.dll
0x00007ffed3070000 - 0x00007ffed3b98000 	C:\Program Files\Java\jdk-11.0.5\bin\server\jvm.dll
0x00007fff7e3e0000 - 0x00007fff7e3e8000 	C:\Windows\System32\PSAPI.DLL
0x00007fff79520000 - 0x00007fff79529000 	C:\Windows\SYSTEM32\WSOCK32.dll
0x00007fff78c90000 - 0x00007fff78cb4000 	C:\Windows\SYSTEM32\WINMM.dll
0x00007fff7f7b0000 - 0x00007fff7f81f000 	C:\Windows\System32\WS2_32.dll
0x00007fff78c60000 - 0x00007fff78c8d000 	C:\Windows\SYSTEM32\winmmbase.dll
0x00007fff7d4d0000 - 0x00007fff7d51a000 	C:\Windows\System32\cfgmgr32.dll
0x00007fff7d070000 - 0x00007fff7d081000 	C:\Windows\System32\kernel.appcore.dll
0x00007fff58bb0000 - 0x00007fff58bc1000 	C:\Program Files\Java\jdk-11.0.5\bin\verify.dll
0x00007fff7b940000 - 0x00007fff7bb34000 	C:\Windows\SYSTEM32\DBGHELP.DLL
0x00007fff19370000 - 0x00007fff1939a000 	C:\Windows\SYSTEM32\dbgcore.DLL
0x00007fff58b80000 - 0x00007fff58ba9000 	C:\Program Files\Java\jdk-11.0.5\bin\java.dll
0x00007fff58b40000 - 0x00007fff58b77000 	C:\Program Files\Java\jdk-11.0.5\bin\jdwp.dll
0x00007fff4e310000 - 0x00007fff4e33f000 	C:\Program Files\Java\jdk-11.0.5\bin\instrument.dll
0x00007fff4f4d0000 - 0x00007fff4f4e6000 	C:\Program Files\Java\jdk-11.0.5\bin\zip.dll
0x00007fff696b0000 - 0x00007fff696ba000 	C:\Program Files\Java\jdk-11.0.5\bin\jimage.dll
0x00007fff7e5f0000 - 0x00007fff7ecd7000 	C:\Windows\System32\SHELL32.dll
0x00007fff7ed50000 - 0x00007fff7edf9000 	C:\Windows\System32\shcore.dll
0x00007fff7d8e0000 - 0x00007fff7e060000 	C:\Windows\System32\windows.storage.dll
0x00007fff7d090000 - 0x00007fff7d0b3000 	C:\Windows\System32\profapi.dll
0x00007fff7d0c0000 - 0x00007fff7d10a000 	C:\Windows\System32\powrprof.dll
0x00007fff7d040000 - 0x00007fff7d050000 	C:\Windows\System32\UMPDC.dll
0x00007fff7e370000 - 0x00007fff7e3c2000 	C:\Windows\System32\shlwapi.dll
0x00007fff7d140000 - 0x00007fff7d157000 	C:\Windows\System32\cryptsp.dll
0x00007fff4f200000 - 0x00007fff4f219000 	C:\Program Files\Java\jdk-11.0.5\bin\net.dll
0x00007fff6c7f0000 - 0x00007fff6c8e0000 	C:\Windows\SYSTEM32\WINHTTP.dll
0x00007fff7c890000 - 0x00007fff7c8f7000 	C:\Windows\system32\mswsock.dll
0x00007fff4f0f0000 - 0x00007fff4f103000 	C:\Program Files\Java\jdk-11.0.5\bin\nio.dll
0x00007fff695a0000 - 0x00007fff695aa000 	C:\Program Files\Java\jdk-11.0.5\bin\dt_socket.dll
0x00007fff7c5e0000 - 0x00007fff7c6ab000 	C:\Windows\SYSTEM32\DNSAPI.dll
0x00007fff7e3d0000 - 0x00007fff7e3d8000 	C:\Windows\System32\NSI.dll
0x00007fff7c5a0000 - 0x00007fff7c5da000 	C:\Windows\SYSTEM32\IPHLPAPI.DLL
0x00007fff74260000 - 0x00007fff742d7000 	C:\Windows\System32\fwpuclnt.dll
0x00007fff7e160000 - 0x00007fff7e186000 	C:\Windows\System32\bcrypt.dll
0x00007fff69420000 - 0x00007fff6942a000 	C:\Windows\System32\rasadhlp.dll

dbghelp: loaded successfully - version: 4.0.5 - missing functions: none
symbol engine: initialized successfully - sym options: 0x614 - pdb path: .;C:\Program Files\Java\jdk-11.0.5\bin;C:\Windows\SYSTEM32;C:\Windows\WinSxS\amd64_microsoft.windows.common-controls_6595b64144ccf1df_6.0.18362.1082_none_9e8193e1e45b25c1;C:\Program Files\Java\jdk-11.0.5\bin\server

VM Arguments:
jvm_args: -agentlib:jdwp=transport=dt_socket,suspend=y,address=localhost:53464 -javaagent:C:\Users\Yito Wang\eclipse\java-2019-09\eclipse\configuration\org.eclipse.osgi\229\0\.cp\lib\javaagent-shaded.jar -Dfile.encoding=UTF-8 --module-path=C:\Users\Yito Wang\eclipse-workspace\Le_Compilateur\bin -Djdk.module.main=compiler 
java_command: compiler/scanning.Scanner
java_class_path (initial): .;C:\Program Files\Java\jdk-11.0.5\lib\dt.jar;C:\Program Files\Java\jdk-11.0.5\lib\tools.jar;C:\tomcat\lib\servlet-api.jar;
Launcher Type: SUN_STANDARD

[Global flags]
     intx CICompilerCount                          = 4                                         {product} {ergonomic}
     uint ConcGCThreads                            = 3                                         {product} {ergonomic}
     uint G1ConcRefinementThreads                  = 10                                        {product} {ergonomic}
   size_t G1HeapRegionSize                         = 1048576                                   {product} {ergonomic}
    uintx GCDrainStackTargetSize                   = 64                                        {product} {ergonomic}
   size_t InitialHeapSize                          = 400556032                                 {product} {ergonomic}
   size_t MarkStackSize                            = 4194304                                   {product} {ergonomic}
   size_t MaxHeapSize                              = 6406799360                                {product} {ergonomic}
   size_t MaxNewSize                               = 3844079616                                {product} {ergonomic}
   size_t MinHeapDeltaBytes                        = 1048576                                   {product} {ergonomic}
    uintx NonNMethodCodeHeapSize                   = 5836300                                {pd product} {ergonomic}
    uintx NonProfiledCodeHeapSize                  = 122910970                              {pd product} {ergonomic}
    uintx ProfiledCodeHeapSize                     = 122910970                              {pd product} {ergonomic}
    uintx ReservedCodeCacheSize                    = 251658240                              {pd product} {ergonomic}
     bool SegmentedCodeCache                       = true                                      {product} {ergonomic}
     bool UseCompressedClassPointers               = true                                 {lp64_product} {ergonomic}
     bool UseCompressedOops                        = true                                 {lp64_product} {ergonomic}
     bool UseG1GC                                  = true                                      {product} {ergonomic}
     bool UseLargePagesIndividualAllocation        = false                                  {pd product} {ergonomic}

Logging:
Log output configuration:
 #0: stdout all=warning uptime,level,tags
 #1: stderr all=off uptime,level,tags

Environment Variables:
JAVA_HOME=C:\Program Files\Java\jdk-11.0.5
JRE_HOME=C:\Program Files\Java\jre1.8.0_261
CLASSPATH=.;C:\Program Files\Java\jdk-11.0.5\lib\dt.jar;C:\Program Files\Java\jdk-11.0.5\lib\tools.jar;C:\tomcat\lib\servlet-api.jar;
PATH=C:/Program Files/Java/jre1.8.0_261/bin/server;C:/Program Files/Java/jre1.8.0_261/bin;C:/Program Files/Java/jre1.8.0_261/lib/amd64;C:\Program Files (x86)\Common Files\Oracle\Java\javapath;C:\Program Files\NVIDIA Corporation\NVIDIA NvDLISR;C:\Windows\system32;C:\Windows;C:\Windows\System32\Wbem;C:\Windows\System32\WindowsPowerShell\v1.0\;C:\Program Files (x86)\ffmpeg-20190601-4158865-win64-static\bin;C:\ProgramData\chocolatey\bin;C:\Program Files (x86)\NVIDIA Corporation\PhysX\Common;C:\Program Files\Microsoft SQL Server\Client SDK\ODBC\170\Tools\Binn\;C:\Program Files (x86)\Microsoft SQL Server\150\Tools\Binn\;C:\Program Files\Microsoft SQL Server\150\Tools\Binn\;C:\Program Files\Microsoft SQL Server\150\DTS\Binn\;C:\Program Files (x86)\Microsoft SQL Server\150\DTS\Binn\;C:\Program Files\Java\jre1.8.0_251\bin;C:\Program Files\Java\jdk-11.0.5\bin;C:\Program Files\dotnet\;C:\Program Files\Microsoft SQL Server\130\Tools\Binn\;C:\Users\Yito Wang\AppData\Local\Programs\Python\Python38\Scripts\;C:\Users\Yito Wang\AppData\Local\Programs\Python\Python38\;C:\Users\Yito Wang\AppData\Local\Microsoft\WindowsApps;C:\Program Files\Bandizip\;C:\Users\Yito Wang\AppData\Local\GitHubDesktop\bin;C:\Program Files\JetBrains\PyCharm Community Edition 2019.3.3\bin;;C:\Program Files (x86)\ffmpeg-20190601-4158865-win64-static\bin;C:\Microsoft VS Code\bin;C:\Users\Yito Wang\.dotnet\tools;C:\Users\Yito Wang\Desktop;
USERNAME=Yito Wang
OS=Windows_NT
PROCESSOR_IDENTIFIER=Intel64 Family 6 Model 158 Stepping 10, GenuineIntel



---------------  S Y S T E M  ---------------

OS: Windows 10 , 64 bit Build 18362 (10.0.18362.1082)

CPU:total 12 (initial active 12) (6 cores per cpu, 2 threads per core) family 6 model 158 stepping 10, cmov, cx8, fxsr, mmx, sse, sse2, sse3, ssse3, sse4.1, sse4.2, popcnt, avx, avx2, aes, clmul, erms, 3dnowpref, lzcnt, ht, tsc, tscinvbit, bmi1, bmi2, adx, fma

Memory: 4k page, system-wide physical 24435M (15797M free)
TotalPageFile size 28019M (AvailPageFile size 16632M)
current process WorkingSet (physical memory assigned to process): 55M, peak: 56M
current process commit charge ("private bytes"): 481M, peak: 482M

vm_info: Java HotSpot(TM) 64-Bit Server VM (11.0.5+10-LTS) for windows-amd64 JRE (11.0.5+10-LTS), built on Oct  6 2019 12:37:14 by "mach5one" with MS VC++ 15.5 (VS2017)

END.
